<?xml version="1.0" encoding="UTF-8"?>
<!-- Generated by org.testng.reporters.JUnitReportReporter -->
<testsuite hostname="DESKTOP-F3ACHB2" failures="0" tests="5" name="LoginTest" time="26.534" errors="0" timestamp="18 Feb 2024 15:16:50 GMT" skipped="0">
  <testcase classname="LoginTest" name="loginTest4" time="5.343"/>
  <testcase classname="LoginTest" name="loginTest1" time="6.307"/>
  <testcase classname="LoginTest" name="loginTest2" time="5.457"/>
  <testcase classname="LoginTest" name="loginTest5" time="5.099"/>
  <testcase classname="LoginTest" name="loginTest3" time="4.328"/>
</testsuite> <!-- LoginTest -->
