<?xml version="1.0" encoding="UTF-8"?>
<!-- Generated by org.testng.reporters.JUnitReportReporter -->
<testsuite hostname="DESKTOP-F3ACHB2" failures="0" tests="5" name="CartTest" time="33.004" errors="0" timestamp="18 Feb 2024 15:16:50 GMT" skipped="0">
  <testcase classname="CartTest" name="cartTest3" time="6.395"/>
  <testcase classname="CartTest" name="cartTest5" time="6.846"/>
  <testcase classname="CartTest" name="cartTest4" time="6.678"/>
  <testcase classname="CartTest" name="cartTest1" time="6.299"/>
  <testcase classname="CartTest" name="cartTest2" time="6.786"/>
</testsuite> <!-- CartTest -->
